


materialPath: C:\Program Files (x86)\Steam\steamapps\common\GarrysMod\garrysmod\materials
Loading C:\server\steamapps\common\GarrysModDS\garrysmod\gamemodes\refn\nss_infalliable.vmf
material "pk02/pk02_floor10" not found.
Material not found!: PK02/PK02_FLOOR10
ConVarRef mat_reduceparticles doesn't point to an existing ConVar
material "pk02/pk02_wall_big01a" not found.
Material not found!: PK02/PK02_WALL_BIG01A
material "pk02/pk02_panels01a" not found.
Material not found!: PK02/PK02_PANELS01A
material "pk02/pk02_wall_big01b" not found.
Material not found!: PK02/PK02_WALL_BIG01B
material "pk02/pk02_wall05c" not found.
Material not found!: PK02/PK02_WALL05C
material "pk02/pk02_floor09a" not found.
Material not found!: PK02/PK02_FLOOR09A
material "pk02/pk02_generic01b" not found.
Material not found!: PK02/PK02_GENERIC01B
material "pk02/pk02_floor05" not found.
Material not found!: PK02/PK02_FLOOR05
material "pk02/pk02_switches01a" not found.
Material not found!: PK02/PK02_SWITCHES01A
material "pk02/pk02_beam01" not found.
Material not found!: PK02/PK02_BEAM01
material "pk02/pk02_floor02" not found.
Material not found!: PK02/PK02_FLOOR02
material "pk02/pk02_trim04a" not found.
Material not found!: PK02/PK02_TRIM04A
material "pk02/pk02_door01" not found.
Material not found!: PK02/PK02_DOOR01
material "pk02/pk02_floor07_a" not found.
Material not found!: PK02/PK02_FLOOR07_A
material "pk02/pk02_pipes01" not found.
Material not found!: PK02/PK02_PIPES01
material "pk02/pk02_wall08a" not found.
Material not found!: PK02/PK02_WALL08A
material "pk02/pk02_door02" not found.
Material not found!: PK02/PK02_DOOR02
material "pk02/pk02_light02a" not found.
Material not found!: PK02/PK02_LIGHT02A
material "pk02/pk02_light02c" not found.
Material not found!: PK02/PK02_LIGHT02C
material "pk02/pk02_floor10_a" not found.
Material not found!: PK02/PK02_FLOOR10_A
material "pk02/pk02_wall_big02a" not found.
Material not found!: PK02/PK02_WALL_BIG02A
material "pk02/pk02_wall_big02b" not found.
Material not found!: PK02/PK02_WALL_BIG02B
fixing up env_cubemap materials on brush sides...
0...1...2...3...4...5...6...7...8...9...100...1...2...3...4...5...6...7...8...9...10Processing areas...done (0)
Building Faces...done (0)
Chop Details...done (0)
Find Visible Detail Sides...
Merged 30 detail faces...done (0)
Merging details...done (0)
FixTjuncs...
PruneNodes...
WriteBSP...
done (0)
writing C:\server\steamapps\common\GarrysModDS\garrysmod\gamemodes\refn\nss_infalliable.prt...Building visibility clusters...
done (0)
material "skybox/nss_1rt" not found.
Can't load skybox file skybox/nss_1 to build the default cubemap!
Can't load skybox file skybox/nss_1 to build the default cubemap!
Finding displacement neighbors...
Finding lightmap sample positions...
Displacement Alpha : 0...1...2...3...4...5...6...7...8...9...10
material "pk02/pk02_dec_numa" not found.
material "pk02/pk02_dec_numb" not found.
material "pk02/pk02_dec_numc" not found.
material "pk02/pk02_dec_num01" not found.
material "pk02/pk02_dec_num02" not found.
material "pk02/pk02_dec_num03" not found.
Building Physics collision data...
done (0) (111842 bytes)
Placing detail props : 0...1...2...3...4...5...6...7...8...9...10
Compacting texture/material tables...
Reduced 438 texinfos to 296
Reduced 62 texdatas to 55 (1924 bytes to 1597)
Writing C:\server\steamapps\common\GarrysModDS\garrysmod\gamemodes\refn\nss_infalliable.bsp
3 seconds elapsed



12 threads
reading c:\server\steamapps\common\garrysmodds\garrysmod\gamemodes\refn\nss_infalliable.bsp
reading c:\server\steamapps\common\garrysmodds\garrysmod\gamemodes\refn\nss_infalliable.prt
 635 portalclusters
1699 numportals
0...1...2...3...4...5...6...7...8...9...100...1...2...3...4...5...6...7...8...9...10Optimized: 1649 visible clusters (0.70%)
Total clusters visible: 234660
Average clusters visible: 369
Building PAS...
Average clusters audible: 627
visdatasize:105711  compressed from 101600
writing c:\server\steamapps\common\garrysmodds\garrysmod\gamemodes\refn\nss_infalliable.bsp
42 seconds elapsed



[Reading texlights from 'lights.rad']
[45 texlights parsed from 'lights.rad']

Loading c:\server\steamapps\common\garrysmodds\garrysmod\gamemodes\refn\nss_infalliable.bsp
PREP OK
2180 faces
2668811 square feet [384308864.00 square inches]
0 Displacements
0 Square Feet [0.00 Square Inches]
2180 patches before subdivision
9080 patches after subdivision
83 direct lights
0...1...2...3...4...5...6...7...8...9...100...1...2...3...4...5...6...7...8...9...10transfers 400103, max 372
transfer lists:   3.1 megs
0...1...2...3...4...5...6...7...8...9...10	Bounce #1 added RGB(27, 92, 21)
0...1...2...3...4...5...6...7...8...9...10	Bounce #2 added RGB(0, 0, 0)
Build Patch/Sample Hash Table(s).....Done<0.0011 sec>
0...1...2...3...4...5...6...7...8...9...10FinalLightFace Done
0 of 0 (0% of) surface lights went in leaf ambient cubes.
0...1...2...3...4...5...6...7...8...9...10Writing leaf ambient...done
Ready to Finish

Object names       Objects/Maxobjs  Memory / Maxmem  Fullness 
------------       ---------------  ---------------  -------- 
models                  25/4096         1200/196608   ( 0.6%) 
brushes                270/16384        3240/196608   ( 1.6%) 
brushsides            1833/65536       14664/524288   ( 2.8%) 
planes                 876/65536       17520/1310720  ( 1.3%) 
vertexes              2709/65536       32508/786432   ( 4.1%) 
nodes                 1514/65536       48448/2097152  ( 2.3%) 
texinfos               296/12288       21312/884736   ( 2.4%) 
texdata                 55/2048         1760/65536    ( 2.7%) 
dispinfos                0/0               0/0        ( 0.0%) 
disp_verts               0/0               0/0        ( 0.0%) 
disp_tris                0/0               0/0        ( 0.0%) 
disp_lmsamples           0/0               0/0        ( 0.0%) 
faces                 2180/65536      122080/3670016  ( 3.3%) 
hdr faces                0/65536           0/3670016  ( 0.0%) 
origfaces             1097/65536       61432/3670016  ( 1.7%) 
leaves                1540/65536       49280/2097152  ( 2.3%) 
leaffaces             2439/65536        4878/131072   ( 3.7%) 
leafbrushes            893/65536        1786/131072   ( 1.4%) 
areas                    3/1024           24/8192     ( 0.3%) 
surfedges            14331/512000      57324/2048000  ( 2.8%) 
edges                 7995/256000      31980/1024000  ( 3.1%) 
LDR worldlights         83/8192         7304/720896   ( 1.0%) 
HDR worldlights          0/8192            0/720896   ( 0.0%) 
leafwaterdata            0/32768           0/393216   ( 0.0%) 
waterstrips            117/32768        1170/327680   ( 0.4%) 
waterverts               0/65536           0/786432   ( 0.0%) 
waterindices          1722/65536        3444/131072   ( 2.6%) 
cubemapsamples          23/1024          368/16384    ( 2.2%) 
overlays                24/512          8448/180224   ( 4.7%) 
LDR lightdata         [variable]      189484/0        ( 0.0%) 
HDR lightdata         [variable]           0/0        ( 0.0%) 
visdata               [variable]      105711/16777216 ( 0.6%) 
entdata               [variable]      109818/393216   (27.9%) 
LDR ambient table     1540/65536        6160/262144   ( 2.3%) 
HDR ambient table     1540/65536        6160/262144   ( 2.3%) 
LDR leaf ambient      2393/65536       67004/1835008  ( 3.7%) 
HDR leaf ambient      1540/65536       43120/1835008  ( 2.3%) 
occluders                0/0               0/0        ( 0.0%) 
occluder polygons        0/0               0/0        ( 0.0%) 
occluder vert ind        0/0               0/0        ( 0.0%) 
detail props          [variable]           1/12       ( 8.3%) 
static props          [variable]           1/406      ( 0.2%) 
pakfile               [variable]        6387/0        ( 0.0%) 
physics               [variable]      111842/4194304  ( 2.7%) 
physics terrain       [variable]           2/1048576  ( 0.0%) 

Level flags = 0

Total triangle count: 5475
Writing c:\server\steamapps\common\garrysmodds\garrysmod\gamemodes\refn\nss_infalliable.bsp
9 seconds elapsed
